2021/05/15 08:37:14 WARN Log not found. Creating log at @Log
2021/05/15 08:37:14 INFO ---------- Initializing AWCWeatherInjection v0.6.10 ----------
2021/05/15 08:37:14 INFO Script Enabled. Continuing...
2021/05/15 08:37:14 INFO Fetching TDS Weather for URSS...
2021/05/15 08:37:14 INFO TDS METAR: URSS 151430Z 14003MPS 9999 FEW050 21/10 Q1011 R06/010070 R02/////// NOSIG RMK R02/14003MPS QFE757
2021/05/15 08:37:14 INFO Unzipping miz...
2021/05/15 08:37:15 FATAL Mission extraction failed!
2021/05/15 08:37:15 INFO Winds Ground: 140 @ 6 Kts
2021/05/15 08:37:15 INFO Winds 2000m: 206 @ 7 Kts
2021/05/15 08:37:15 INFO Winds 8000m: 219 @ 15 Kts
2021/05/15 08:37:15 INFO Turbulence: 8
2021/05/15 08:37:15 INFO Temperature: 21 C
2021/05/15 08:37:15 INFO Pressure: 29.85 inHG
2021/05/15 08:37:15 INFO Cloud Cover: 3
2021/05/15 08:37:15 INFO Cloud Preset: Preset1
2021/05/15 08:37:15 INFO Time disabled.
2021/05/15 08:37:15 INFO Exporting weather...
2021/05/15 08:37:15 INFO Creating cloud preset line.
2021/05/15 08:37:15 ERROR Ground wind speed export failed!
2021/05/15 08:37:15 ERROR Ground wind direction export failed!
2021/05/15 08:37:15 ERROR Wind speed 2000m export failed!
2021/05/15 08:37:15 ERROR Wind direction 2000m export failed!
2021/05/15 08:37:15 ERROR Wind speed 8000m export failed!
2021/05/15 08:37:15 ERROR Wind direction 8000m export failed!
2021/05/15 08:37:15 ERROR Turbulence export failed!
2021/05/15 08:37:15 ERROR Temperature export failed!
2021/05/15 08:37:15 ERROR Pressure export failed!
2021/05/15 08:37:15 ERROR Cloud height export failed!
2021/05/15 08:37:15 ERROR Cloud coverage export failed!
2021/05/15 08:37:15 ERROR Cloud base export failed!
2021/05/15 08:37:15 ERROR Fog enable failed!
2021/05/15 08:37:15 ERROR Fog disable failed!
2021/05/15 08:37:15 ERROR Fog height export failed!
2021/05/15 08:37:15 ERROR Fog visibility export failed!
2021/05/15 08:37:15 ERROR Dust enable failed!
2021/05/15 08:37:15 ERROR Dust disable failed!
2021/05/15 08:37:15 ERROR Dust visibility export failed!
2021/05/15 08:37:15 ERROR Weather Preset export failed!
2021/05/15 08:37:15 INFO Finished Export.
2021/05/15 08:37:15 FATAL Zipping failed!
2021/05/15 08:37:15 INFO Script complete. Exiting...
2021/05/15 08:37:35 INFO ---------- Initializing AWCWeatherInjection v0.6.10 ----------
2021/05/15 08:37:35 INFO Script Enabled. Continuing...
2021/05/15 08:37:35 INFO Fetching TDS Weather for URSS...
2021/05/15 08:37:35 INFO TDS METAR: URSS 151430Z 14003MPS 9999 FEW050 21/10 Q1011 R06/010070 R02/////// NOSIG RMK R02/14003MPS QFE757
2021/05/15 08:37:35 INFO Found Saved Games Folder: C:\Users\Mr_Superjaffa\Saved Games\DCS
2021/05/15 08:37:35 INFO Found Server Config: C:\Users\Mr_Superjaffa\Saved Games\DCS\Config\serverSettings.lua
2021/05/15 08:37:35 INFO Fetched Mission: C:\\Users\\Mr_Superjaffa\\Saved Games\\DCS\\Missions\\L39_Test.miz
2021/05/15 08:37:35 INFO Unzipping miz...
2021/05/15 08:37:36 INFO Winds Ground: 140 @ 6 Kts
2021/05/15 08:37:36 INFO Winds 2000m: 179 @ 13 Kts
2021/05/15 08:37:36 INFO Winds 8000m: 218 @ 17 Kts
2021/05/15 08:37:36 INFO Turbulence: 8
2021/05/15 08:37:36 INFO Temperature: 21 C
2021/05/15 08:37:36 INFO Pressure: 29.85 inHG
2021/05/15 08:37:36 INFO Cloud Cover: 4
2021/05/15 08:37:36 INFO Cloud Preset: Preset2
2021/05/15 08:37:36 INFO Time disabled.
2021/05/15 08:37:36 INFO Exporting weather...
2021/05/15 08:37:36 INFO Ground wind speed exported.
2021/05/15 08:37:36 INFO Ground wind direction exported.
2021/05/15 08:37:36 INFO Wind speed 2000m exported.
2021/05/15 08:37:36 INFO Wind direction 2000m exported.
2021/05/15 08:37:36 INFO Wind speed 8000m exported.
2021/05/15 08:37:36 INFO Wind direction 8000m exported.
2021/05/15 08:37:36 INFO Turbulence exported.
2021/05/15 08:37:36 INFO Temperature exported.
2021/05/15 08:37:36 INFO Pressure exported.
2021/05/15 08:37:36 INFO Fog disabled.
2021/05/15 08:37:36 INFO Dust Disabled.
2021/05/15 08:37:36 INFO Exported Weather Preset.
2021/05/15 08:37:36 INFO Finished Export.
2021/05/15 08:37:36 INFO Script complete. Exiting...
2021/05/15 08:48:21 INFO ---------- Initializing AWCWeatherInjection v0.6.10 ----------
2021/05/15 08:48:22 INFO Script Enabled. Continuing...
2021/05/15 08:48:22 INFO Fetching TDS Weather for URSS...
2021/05/15 08:48:22 INFO TDS METAR: URSS 151430Z 14003MPS 9999 FEW050 21/10 Q1011 R06/010070 R02/////// NOSIG RMK R02/14003MPS QFE757
2021/05/15 08:48:22 INFO Found Saved Games Folder: C:\Users\Mr_Superjaffa\Saved Games\DCS
2021/05/15 08:48:22 INFO Found Server Config: C:\Users\Mr_Superjaffa\Saved Games\DCS\Config\serverSettings.lua
2021/05/15 08:48:22 INFO Fetched Mission: C:\\Users\\Mr_Superjaffa\\Saved Games\\DCS\\Missions\\L39_Test.miz
2021/05/15 08:48:22 INFO Unzipping miz...
2021/05/15 08:48:22 INFO Winds Ground: 140 @ 6 Kts
2021/05/15 08:48:22 INFO Winds 2000m: 205 @ 10 Kts
2021/05/15 08:48:22 INFO Winds 8000m: 285 @ 23 Kts
2021/05/15 08:48:22 INFO Turbulence: 8
2021/05/15 08:48:22 INFO Temperature: 21 C
2021/05/15 08:48:22 INFO Pressure: 29.85 inHG
2021/05/15 08:48:22 INFO Cloud Cover: 3
2021/05/15 08:48:22 INFO Cloud Preset: Preset2
2021/05/15 08:48:22 INFO Time disabled.
2021/05/15 08:48:22 INFO Exporting weather...
2021/05/15 08:48:22 INFO Ground wind speed exported.
2021/05/15 08:48:22 INFO Ground wind direction exported.
2021/05/15 08:48:22 INFO Wind speed 2000m exported.
2021/05/15 08:48:22 INFO Wind direction 2000m exported.
2021/05/15 08:48:22 INFO Wind speed 8000m exported.
2021/05/15 08:48:22 INFO Wind direction 8000m exported.
2021/05/15 08:48:22 INFO Turbulence exported.
2021/05/15 08:48:22 INFO Temperature exported.
2021/05/15 08:48:22 INFO Pressure exported.
2021/05/15 08:48:22 INFO Fog disabled.
2021/05/15 08:48:22 INFO Dust Disabled.
2021/05/15 08:48:22 INFO Exported Weather Preset.
2021/05/15 08:48:22 INFO Finished Export.
2021/05/15 08:48:22 INFO Script complete. Exiting...
2021/05/15 08:57:11 INFO ---------- Initializing AWCWeatherInjection v0.6.10 ----------
2021/05/15 08:57:11 INFO Script Enabled. Continuing...
2021/05/15 08:57:11 INFO Fetching TDS Weather for URSS...
2021/05/15 08:57:11 INFO TDS METAR: URSS 151430Z 14003MPS 9999 FEW050 21/10 Q1011 R06/010070 R02/////// NOSIG RMK R02/14003MPS QFE757
2021/05/15 08:57:11 INFO Found Saved Games Folder: C:\Users\Mr_Superjaffa\Saved Games\DCS
2021/05/15 08:57:11 INFO Found Server Config: C:\Users\Mr_Superjaffa\Saved Games\DCS\Config\serverSettings.lua
2021/05/15 08:57:11 INFO Fetched Mission: C:\\Users\\Mr_Superjaffa\\Saved Games\\DCS\\Missions\\L39_Test.miz
2021/05/15 08:57:11 INFO Unzipping miz...
2021/05/15 08:57:11 INFO Winds Ground: 140 @ 6 Kts
2021/05/15 08:57:11 INFO Winds 2000m: 183 @ 11 Kts
2021/05/15 08:57:11 INFO Winds 8000m: 236 @ 21 Kts
2021/05/15 08:57:11 INFO Turbulence: 8
2021/05/15 08:57:11 INFO Temperature: 21 C
2021/05/15 08:57:11 INFO Pressure: 29.85 inHG
2021/05/15 08:57:11 INFO Cloud Cover: 3
2021/05/15 08:57:11 INFO Cloud Preset: Preset2
2021/05/15 08:57:11 INFO Time disabled.
2021/05/15 08:57:11 INFO Exporting weather...
2021/05/15 08:57:11 INFO Ground wind speed exported.
2021/05/15 08:57:11 INFO Ground wind direction exported.
2021/05/15 08:57:11 INFO Wind speed 2000m exported.
2021/05/15 08:57:11 INFO Wind direction 2000m exported.
2021/05/15 08:57:11 INFO Wind speed 8000m exported.
2021/05/15 08:57:11 INFO Wind direction 8000m exported.
2021/05/15 08:57:11 INFO Turbulence exported.
2021/05/15 08:57:11 INFO Temperature exported.
2021/05/15 08:57:11 INFO Pressure exported.
2021/05/15 08:57:11 INFO Fog disabled.
2021/05/15 08:57:11 INFO Dust Disabled.
2021/05/15 08:57:11 INFO Exported Weather Preset.
2021/05/15 08:57:11 INFO Finished Export.
2021/05/15 08:57:12 INFO Script complete. Exiting...
